2025-08-29 21:56:51,759 - root - INFO - Application started!
2025-08-29 21:57:00,801 - root - INFO - Application started!
2025-08-29 21:57:02,378 - root - INFO - Application started!
2025-08-29 22:01:01,683 - root - INFO - Application started!
2025-08-29 22:01:03,246 - root - INFO - Application started!
2025-08-29 22:03:22,244 - root - INFO - Application started!
2025-08-29 22:03:53,301 - root - ERROR -  The user with this email nagroyal1@gmail.com was already existed
2025-08-29 22:04:09,620 - root - INFO - MolamantiThirupathirao  was register successfully.
2025-08-29 22:04:16,925 - root - INFO - nagroyal1@gmail.com  was login successfully.
2025-08-29 22:18:01,411 - root - INFO - Application started!
2025-08-29 22:19:00,048 - root - INFO - Application started!
2025-08-29 22:20:08,392 - root - INFO - Application started!
2025-08-29 22:20:09,982 - root - INFO - Application started!
2025-08-29 22:22:00,281 - root - INFO - Application started!
2025-08-29 22:25:47,334 - root - INFO - Application started!
2025-08-29 22:28:01,421 - root - INFO - Application started!
2025-08-29 22:28:16,813 - root - INFO - Application started!
2025-08-29 22:28:21,706 - root - INFO - Application started!
2025-08-29 22:29:39,546 - root - INFO - Application started!
2025-08-29 22:29:41,222 - root - INFO - Application started!
2025-08-29 22:31:47,166 - root - INFO - Application started!
2025-08-29 22:31:55,239 - root - INFO - Application started!
2025-09-10 10:02:33,661 - root - INFO - Application started!
2025-09-10 10:03:26,136 - root - INFO - MolamantiThirupathirao  was register successfully.
2025-09-10 10:04:17,528 - root - ERROR -  The user with this email nagroyal1@gmail.com was already existed
2025-09-10 10:05:01,769 - root - ERROR -  The user with this email nagroyal1@gmail.com was already existed
2025-09-10 10:05:05,359 - root - ERROR -  The user with this email nagroyal1@gmail.com was already existed
2025-09-10 10:05:53,348 - root - ERROR -  The password enter by user :- nagroyal1@gmail.com is not a valid
2025-09-10 10:06:38,795 - root - INFO - MolamantiThirupathirao  was register successfully.
2025-09-10 10:06:45,195 - root - INFO - nagroyal1@gmail.com  was login successfully.
2025-09-10 10:08:08,228 - root - INFO - Application started!
2025-09-10 10:09:28,269 - root - INFO - Application started!
2025-09-10 10:11:08,698 - root - INFO - Application started!
2025-09-10 10:14:13,655 - root - INFO - Application started!
2025-09-10 10:16:23,291 - root - INFO - Application started!
2025-09-10 10:19:22,741 - root - INFO - Application started!
2025-09-10 10:20:46,527 - root - INFO - Application started!
2025-09-10 10:20:49,402 - root - INFO - Application started!
2025-09-10 10:23:05,720 - root - INFO - nagroyal1@gmail.com  was login successfully.
2025-09-10 10:24:15,953 - root - INFO - nagroyal1@gmail.com  was login successfully.
2025-09-10 10:24:42,133 - root - INFO - nagroyal1@gmail.com  was changed password successfully.
2025-09-10 10:25:40,993 - root - INFO - Application started!
2025-09-10 10:26:21,480 - root - INFO - Application started!
2025-09-10 10:26:57,815 - root - INFO - nagroyal1@gmail.com  was login successfully.
2025-09-10 10:28:34,578 - root - INFO - Application started!
2025-09-10 10:28:53,641 - root - INFO - Application started!
2025-09-10 10:32:24,766 - root - INFO - nagroyal1@gmail.com  was logout successfully.
2025-09-10 10:33:09,117 - root - INFO - nagroyal1@gmail.com  was login successfully.
2025-09-10 10:35:17,784 - root - INFO - Application started!
2025-09-10 10:35:36,311 - root - INFO - Application started!
2025-09-10 10:41:42,059 - root - INFO - Application started!
2025-09-10 10:43:06,208 - root - INFO - Application started!
2025-09-10 10:43:11,579 - venv - ERROR -  The user nagroyal1@gmail.com exiceded the inavalid password count
